Data successfully loaded.
----
Training softmax regression with SGD, lr=0.01, batch_size=64, num_epochs=10, non-vectorized version
Epoch 1, avg loss per batch: 0.9625186890928042, time: 1.889723
Epoch 2, avg loss per batch: 0.6684999932964102, time: 1.788355
Epoch 3, avg loss per batch: 0.6037729718593525, time: 1.701508
Epoch 4, avg loss per batch: 0.5687185437866559, time: 1.565205
Epoch 5, avg loss per batch: 0.5459461328176515, time: 1.676292
Epoch 6, avg loss per batch: 0.5291009203129486, time: 1.632351
Epoch 7, avg loss per batch: 0.5167158406402212, time: 1.663639
Epoch 8, avg loss per batch: 0.5063440265522179, time: 1.604603
Epoch 9, avg loss per batch: 0.49792060882446043, time: 1.750562
Epoch 10, avg loss per batch: 0.49073426515662744, time: 1.688384
Validation Accuracy: 82.42%
         14236523 function calls (14227244 primitive calls) in 17.489 seconds

   Ordered by: internal time

   ncalls  tottime  percall  cumtime  percall filename:lineno(function)
        1    7.140    7.140   16.960   16.960 softmax_reg.py:49(train_sgd)
   599681    4.491    0.000    4.628    0.000 numeric.py:885(outer)
   609680    1.105    0.000    3.455    0.000 softmax_reg.py:16(softmax)
  1219361    0.864    0.000    0.864    0.000 {method 'reduce' of 'numpy.ufunc' objects}
     9380    0.853    0.000    0.854    0.000 softmax_reg.py:39(create_batches)
  1219360    0.584    0.000    1.721    0.000 fromnumeric.py:69(_wrapreduction)
   599680    0.404    0.000    5.179    0.000 softmax_reg.py:23(grad)
   599680    0.350    0.000    0.350    0.000 softmax_reg.py:20(cross_entropy_loss)
   609680    0.273    0.000    1.109    0.000 fromnumeric.py:2255(sum)
   609680    0.239    0.000    1.164    0.000 fromnumeric.py:2781(max)
  1219360    0.221    0.000    0.221    0.000 fromnumeric.py:70(<dictcomp>)
     6711    0.114    0.000    0.114    0.000 {method 'decompress' of 'zlib.Decompress' objects}
   599755    0.104    0.000    0.104    0.000 {method 'copy' of 'numpy.ndarray' objects}
  1199362    0.093    0.000    0.093    0.000 {method 'ravel' of 'numpy.ndarray' objects}
        1    0.090    0.090    0.153    0.153 softmax_reg.py:31(evaluate)
 6933/112    0.068    0.000    0.206    0.002 {method 'read' of '_io.BufferedReader' objects}
        2    0.065    0.032    0.253    0.126 load_fmnist.py:13(load_images)
  1219475    0.053    0.000    0.053    0.000 {method 'items' of 'dict' objects}
    29/27    0.052    0.002    0.055    0.002 {built-in method _imp.create_dynamic}
  1199369    0.044    0.000    0.044    0.000 {built-in method numpy.asarray}
   599681    0.042    0.000    0.042    0.000 numeric.py:881(_outer_dispatcher)
   620494    0.040    0.000    0.040    0.000 {built-in method builtins.isinstance}
   609680    0.039    0.000    0.039    0.000 fromnumeric.py:2776(_max_dispatcher)
   609680    0.039    0.000    0.039    0.000 fromnumeric.py:2250(_sum_dispatcher)
    18741    0.028    0.000    0.034    0.000 numeric.py:65(zeros_like)
     6715    0.008    0.000    0.160    0.000 gzip.py:462(read)
      531    0.006    0.000    0.006    0.000 {built-in method posix.stat}
     6825    0.005    0.000    0.027    0.000 gzip.py:85(read)
      104    0.004    0.000    0.004    0.000 {built-in method marshal.loads}
     6719    0.004    0.000    0.004    0.000 {built-in method zlib.crc32}
    10000    0.003    0.000    0.009    0.000 fromnumeric.py:1208(argmax)
    29/19    0.003    0.000    0.026    0.001 {built-in method _imp.exec_dynamic}
    18742    0.003    0.000    0.003    0.000 {built-in method numpy.zeros}
     6711    0.002    0.000    0.006    0.000 gzip.py:513(_add_read_data)
        1    0.002    0.002    0.002    0.002 _linalg.py:2382(lstsq)
    10000    0.002    0.000    0.002    0.000 {method 'argmax' of 'numpy.ndarray' objects}
      104    0.002    0.000    0.002    0.000 {built-in method io.open_code}
    10000    0.002    0.000    0.005    0.000 fromnumeric.py:51(_wrapfunc)
     6711    0.002    0.000    0.003    0.000 gzip.py:98(prepend)
        9    0.002    0.000    0.002    0.000 {built-in method posix.listdir}
    18741    0.001    0.000    0.001    0.000 numeric.py:59(_zeros_like_dispatcher)
  180/179    0.001    0.000    0.003    0.000 {built-in method builtins.__build_class__}
    18742    0.001    0.000    0.001    0.000 multiarray.py:1089(copyto)
        1    0.001    0.001   17.489   17.489 softmax_reg.py:1(<module>)
        1    0.001    0.001    0.001    0.001 softmax_reg.py:28(initialize)
    18741    0.001    0.000    0.001    0.000 multiarray.py:83(empty_like)
    13486    0.001    0.000    0.001    0.000 {built-in method builtins.getattr}
22878/22754    0.001    0.000    0.001    0.000 {built-in method builtins.len}
      249    0.001    0.000    0.010    0.000 <frozen importlib._bootstrap_external>:1505(find_spec)
      137    0.001    0.000    0.012    0.000 <frozen importlib._bootstrap_external>:1374(_get_spec)
        1    0.001    0.001    0.001    0.001 _linalg.py:493(inv)
       11    0.001    0.000    0.001    0.000 {built-in method numpy.arange}
       43    0.001    0.000    0.001    0.000 {built-in method posix.getcwd}
    10000    0.001    0.000    0.001    0.000 fromnumeric.py:1204(_argmax_dispatcher)
        1    0.001    0.001    0.004    0.004 _polynomial_impl.py:442(polyfit)
        1    0.000    0.000    0.000    0.000 {method 'dot' of 'numpy.ndarray' objects}
      139    0.000    0.000    0.013    0.000 <frozen importlib._bootstrap>:901(_find_spec)
    56/18    0.000    0.000    0.001    0.000 sre_parse.py:493(_parse)
     1242    0.000    0.000    0.001    0.000 <frozen importlib._bootstrap_external>:121(_path_join)
      454    0.000    0.000    0.000    0.000 _inspect.py:65(getargs)
      208    0.000    0.000    0.001    0.000 <frozen importlib._bootstrap_external>:361(cache_from_source)
      550    0.000    0.000    0.000    0.000 {built-in method __new__ of type object at 0x104e06860}
      104    0.000    0.000    0.025    0.000 <frozen importlib._bootstrap_external>:916(get_code)
        9    0.000    0.000    0.221    0.025 __init__.py:1(<module>)
     1242    0.000    0.000    0.001    0.000 <frozen importlib._bootstrap_external>:123(<listcomp>)
      396    0.000    0.000    0.001    0.000 <frozen importlib._bootstrap>:166(_get_module_lock)
      273    0.000    0.000    0.001    0.000 functools.py:35(update_wrapper)
     1089    0.000    0.000    0.001    0.000 typing.py:703(__setattr__)
    142/3    0.000    0.000    0.120    0.040 <frozen importlib._bootstrap>:1002(_find_and_load)
      262    0.000    0.000    0.002    0.000 overrides.py:142(decorator)
        1    0.000    0.000    0.001    0.001 getlimits.py:164(_register_known_types)
      346    0.000    0.000    0.001    0.000 typing.py:137(_type_check)
      108    0.000    0.000    0.001    0.000 {method '__exit__' of '_io._IOBase' objects}
    31/13    0.000    0.000    0.000    0.000 {built-in method _abc._abc_subclasscheck}
      396    0.000    0.000    0.000    0.000 <frozen importlib._bootstrap>:87(acquire)
       18    0.000    0.000    0.000    0.000 arrayprint.py:1645(_guarded_repr_or_str)
        6    0.000    0.000    0.001    0.000 getlimits.py:34(__init__)
       12    0.000    0.000    0.000    0.000 {built-in method builtins.eval}
       12    0.000    0.000    0.001    0.000 __init__.py:345(namedtuple)
      396    0.000    0.000    0.000    0.000 <frozen importlib._bootstrap>:112(release)
        4    0.000    0.000    0.000    0.000 {built-in method io.open}
      135    0.000    0.000    0.001    0.000 <frozen importlib._bootstrap>:486(_init_module_attrs)
      227    0.000    0.000    0.001    0.000 overrides.py:83(verify_matching_signatures)
      159    0.000    0.000    0.000    0.000 typing.py:189(_collect_type_vars)
        1    0.000    0.000    0.001    0.001 _scimath_impl.py:1(<module>)
    135/3    0.000    0.000    0.119    0.040 <frozen importlib._bootstrap>:659(_load_unlocked)
   117/16    0.000    0.000    0.001    0.000 sre_compile.py:71(_compile)
      156    0.000    0.000    0.001    0.000 typing.py:729(__init__)
      313    0.000    0.000    0.003    0.000 function_base.py:502(add_newdoc)
      255    0.000    0.000    0.000    0.000 typing.py:948(__hash__)
    142/3    0.000    0.000    0.119    0.040 <frozen importlib._bootstrap>:967(_find_and_load_unlocked)
     1089    0.000    0.000    0.000    0.000 typing.py:655(_is_dunder)
        1    0.000    0.000    0.001    0.001 __init__.py:428(_sanity_check)
    359/5    0.000    0.000    0.107    0.021 {built-in method builtins.__import__}
      454    0.000    0.000    0.001    0.000 _inspect.py:96(getargspec)
     1725    0.000    0.000    0.000    0.000 {method 'startswith' of 'str' objects}
     1502    0.000    0.000    0.000    0.000 {method 'join' of 'str' objects}
      208    0.000    0.000    0.000    0.000 <frozen importlib._bootstrap_external>:127(_path_split)
     1390    0.000    0.000    0.000    0.000 <frozen importlib._bootstrap>:231(_verbose_message)
       14    0.000    0.000    0.000    0.000 {built-in method builtins.print}
     2499    0.000    0.000    0.000    0.000 typing.py:937(<genexpr>)
     1312    0.000    0.000    0.000    0.000 {built-in method builtins.hasattr}
   209/34    0.000    0.000    0.105    0.003 <frozen importlib._bootstrap>:1033(_handle_fromlist)
    45/12    0.000    0.000    0.001    0.000 typing.py:749(__getitem__)
      104    0.000    0.000    0.019    0.000 <frozen importlib._bootstrap_external>:1036(get_data)
        8    0.000    0.000    0.000    0.000 {method 'close' of '_io.BufferedReader' objects}
      133    0.000    0.000    0.000    0.000 <frozen importlib._bootstrap_external>:696(spec_from_file_location)
     2692    0.000    0.000    0.000    0.000 {method 'rstrip' of 'str' objects}
     1534    0.000    0.000    0.000    0.000 {built-in method builtins.setattr}
        5    0.000    0.000    0.000    0.000 enum.py:179(__new__)
      883    0.000    0.000    0.000    0.000 sre_parse.py:164(__getitem__)
     3090    0.000    0.000    0.000    0.000 {method 'append' of 'list' objects}
      139    0.000    0.000    0.000    0.000 __init__.py:101(find_spec)
   147/46    0.000    0.000    0.000    0.000 sre_parse.py:174(getwidth)
      254    0.000    0.000    0.001    0.000 <frozen importlib._bootstrap>:203(_lock_unlock_module)
  135/129    0.000    0.000    0.057    0.000 <frozen importlib._bootstrap>:558(module_from_spec)
      926    0.000    0.000    0.000    0.000 {method 'rpartition' of 'str' objects}
      600    0.000    0.000    0.000    0.000 sre_parse.py:233(__next)
    104/3    0.000    0.000    0.119    0.040 <frozen importlib._bootstrap_external>:844(exec_module)
      531    0.000    0.000    0.006    0.000 <frozen importlib._bootstrap_external>:135(_path_stat)
      312    0.000    0.000    0.000    0.000 <frozen importlib._bootstrap_external>:79(_unpack_uint32)
      943    0.000    0.000    0.000    0.000 {method 'endswith' of 'str' objects}
    105/1    0.000    0.000   17.489   17.489 {built-in method builtins.exec}
      104    0.000    0.000    0.004    0.000 <frozen importlib._bootstrap_external>:645(_compile_bytecode)
       39    0.000    0.000    0.001    0.000 typing.py:478(Literal)
  191/131    0.000    0.000    0.004    0.000 typing.py:269(inner)
      104    0.000    0.000    0.000    0.000 <frozen importlib._bootstrap_external>:560(_classify_pyc)
      344    0.000    0.000    0.000    0.000 <frozen importlib._bootstrap>:398(parent)
      237    0.000    0.000    0.001    0.000 <frozen importlib._bootstrap>:385(cached)
        1    0.000    0.000    0.000    0.000 _type_aliases.py:1(<module>)
      291    0.000    0.000    0.001    0.000 <frozen importlib._bootstrap_external>:1337(_path_importer_cache)
      313    0.000    0.000    0.000    0.000 function_base.py:470(_needs_add_docstring)
      552    0.000    0.000    0.000    0.000 <frozen importlib._bootstrap>:878(__exit__)
    29/27    0.000    0.000    0.055    0.002 <frozen importlib._bootstrap_external>:1171(create_module)
      133    0.000    0.000    0.001    0.000 <frozen importlib._bootstrap_external>:491(_get_cached)
      141    0.000    0.000    0.000    0.000 <frozen importlib._bootstrap>:185(cb)
       49    0.000    0.000    0.000    0.000 sre_compile.py:276(_optimize_charset)
       12    0.000    0.000    0.000    0.000 datetime.py:492(__new__)
      133    0.000    0.000    0.000    0.000 <frozen importlib._bootstrap_external>:1500(_get_spec)
        1    0.000    0.000    0.008    0.008 numeric.py:1(<module>)
      552    0.000    0.000    0.000    0.000 <frozen importlib._bootstrap>:874(__enter__)
       93    0.000    0.000    0.000    0.000 typing.py:216(_deduplicate)
      214    0.000    0.000    0.000    0.000 {method 'format' of 'str' objects}
      122    0.000    0.000    0.002    0.000 re.py:289(_compile)
        1    0.000    0.000    0.000    0.000 datetime.py:1594(datetime)
      141    0.000    0.000    0.000    0.000 <frozen importlib._bootstrap>:58(__init__)
       54    0.000    0.000    0.001    0.000 typing.py:230(_remove_dups_flatten)
        1    0.000    0.000    0.010    0.010 _npyio_impl.py:1(<module>)
      481    0.000    0.000    0.000    0.000 sre_parse.py:254(get)
      213    0.000    0.000    0.000    0.000 {built-in method builtins.max}
      156    0.000    0.000    0.000    0.000 typing.py:667(__init__)
     1089    0.000    0.000    0.000    0.000 {built-in method _imp.release_lock}
       54    0.000    0.000    0.002    0.000 typing.py:431(Union)
     1089    0.000    0.000    0.000    0.000 {built-in method _imp.acquire_lock}
      794    0.000    0.000    0.000    0.000 {method '__exit__' of '_thread.lock' objects}
      137    0.000    0.000    0.012    0.000 <frozen importlib._bootstrap_external>:1406(find_spec)
       57    0.000    0.000    0.000    0.000 enum.py:88(__setitem__)
      169    0.000    0.000    0.005    0.000 <frozen importlib._bootstrap_external>:145(_path_is_mode_type)
      954    0.000    0.000    0.000    0.000 typing.py:733(<genexpr>)
      313    0.000    0.000    0.000    0.000 function_base.py:488(_add_docstring)
      454    0.000    0.000    0.000    0.000 <string>:1(<lambda>)
      139    0.000    0.000    0.000    0.000 <frozen importlib._bootstrap>:351(__init__)
    212/3    0.000    0.000    0.118    0.039 <frozen importlib._bootstrap>:220(_call_with_frames_removed)
       39    0.000    0.000    0.000    0.000 typing.py:247(_flatten_literal_params)
        1    0.000    0.000    0.005    0.005 datetime.py:1(<module>)
      142    0.000    0.000    0.001    0.000 <frozen importlib._bootstrap>:156(__enter__)
      454    0.000    0.000    0.000    0.000 _inspect.py:13(ismethod)
      104    0.000    0.000    0.000    0.000 <frozen importlib._bootstrap_external>:593(_validate_timestamp_pyc)
      249    0.000    0.000    0.000    0.000 <frozen importlib._bootstrap_external>:64(_relax_case)
    53/16    0.000    0.000    0.001    0.000 sre_parse.py:435(_parse_sub)
      416    0.000    0.000    0.000    0.000 <frozen importlib._bootstrap_external>:129(<genexpr>)
        1    0.000    0.000    0.020    0.020 multiarray.py:1(<module>)
      454    0.000    0.000    0.000    0.000 _inspect.py:26(isfunction)
        2    0.000    0.000    0.000    0.000 {built-in method _ctypes.POINTER}
      454    0.000    0.000    0.000    0.000 _inspect.py:41(iscode)
      160    0.000    0.000    0.005    0.000 <frozen importlib._bootstrap_external>:154(_path_isfile)
      273    0.000    0.000    0.000    0.000 functools.py:65(wraps)
       23    0.000    0.000    0.000    0.000 {built-in method _abc._abc_init}
      346    0.000    0.000    0.000    0.000 typing.py:128(_type_convert)
        1    0.000    0.000    0.000    0.000 _ufunc_config.py:434(inner)
  654/560    0.000    0.000    0.000    0.000 {built-in method builtins.hash}
        4    0.000    0.000    0.000    0.000 gzip.py:326(close)
      811    0.000    0.000    0.000    0.000 {built-in method _thread.get_ident}
  291/233    0.000    0.000    0.000    0.000 typing.py:746(__hash__)
        1    0.000    0.000    0.001    0.001 _function_base_impl.py:1(<module>)
        1    0.000    0.000    0.000    0.000 {function Random.seed at 0x1056a5a60}
      246    0.000    0.000    0.000    0.000 <frozen importlib._bootstrap_external>:175(_path_isabs)
      104    0.000    0.000    0.000    0.000 <frozen importlib._bootstrap_external>:523(_check_name_wrapper)
      345    0.000    0.000    0.000    0.000 {method 'strip' of 'str' objects}
        1    0.000    0.000    0.000    0.000 records.py:195(record)
       37    0.000    0.000    0.000    0.000 getlimits.py:111(_float_to_str)
      294    0.000    0.000    0.000    0.000 typing.py:936(_value_and_type_iter)
      142    0.000    0.000    0.000    0.000 <frozen importlib._bootstrap>:160(__exit__)
      282    0.000    0.000    0.000    0.000 typing.py:463(<genexpr>)
      104    0.000    0.000    0.000    0.000 <frozen importlib._bootstrap>:35(_new_module)
       20    0.000    0.000    0.000    0.000 {built-in method time.time}
      104    0.000    0.000    0.000    0.000 <frozen importlib._bootstrap_external>:1077(path_stats)
      284    0.000    0.000    0.000    0.000 {built-in method _thread.allocate_lock}
    347/1    0.000    0.000    0.000    0.000 __config__.py:19(_cleanup)
  108/106    0.000    0.000    0.000    0.000 typing.py:923(__hash__)
       74    0.000    0.000    0.000    0.000 enum.py:462(__setattr__)
        1    0.000    0.000    0.006    0.006 fromnumeric.py:1(<module>)
        1    0.000    0.000    0.002    0.002 numerictypes.py:1(<module>)
       27    0.000    0.000    0.000    0.000 typing.py:975(__class_getitem__)
      447    0.000    0.000    0.000    0.000 {method 'get' of 'dict' objects}
        4    0.000    0.000    0.000    0.000 gzip.py:133(__init__)
      276    0.000    0.000    0.000    0.000 sre_parse.py:172(append)
        1    0.000    0.000    0.003    0.003 _add_newdocs.py:1(<module>)
      338    0.000    0.000    0.000    0.000 {built-in method numpy._core._multiarray_umath.add_docstring}
       16    0.000    0.000    0.002    0.000 sre_compile.py:759(compile)
        1    0.000    0.000    0.003    0.003 random.py:1(<module>)
      279    0.000    0.000    0.000    0.000 typing.py:740(__eq__)
        1    0.000    0.000    0.000    0.000 threading.py:216(Condition)
        1    0.000    0.000    0.009    0.009 _linalg.py:1(<module>)
        8    0.000    0.000    0.000    0.000 {built-in method zlib.decompressobj}
       16    0.000    0.000    0.000    0.000 sre_compile.py:536(_compile_info)
      315    0.000    0.000    0.000    0.000 sre_parse.py:249(match)
     39/1    0.000    0.000    0.000    0.000 __config__.py:25(<dictcomp>)
        5    0.000    0.000    0.000    0.000 enum.py:221(<setcomp>)
      383    0.000    0.000    0.000    0.000 {method 'add' of 'set' objects}
      290    0.000    0.000    0.000    0.000 {method 'update' of 'dict' objects}
      262    0.000    0.000    0.000    0.000 overrides.py:105(array_function_dispatch)
      263    0.000    0.000    0.000    0.000 sre_parse.py:160(__len__)
      208    0.000    0.000    0.000    0.000 {method 'rfind' of 'str' objects}
      192    0.000    0.000    0.000    0.000 sre_parse.py:286(tell)
       49    0.000    0.000    0.000    0.000 sre_compile.py:249(_compile_charset)
        6    0.000    0.000    0.000    0.000 numeric.py:2642(extend_all)
      137    0.000    0.000    0.000    0.000 <frozen importlib._bootstrap>:811(find_spec)
        8    0.000    0.000    0.001    0.000 gzip.py:429(_read_gzip_header)
      254    0.000    0.000    0.000    0.000 {built-in method builtins.min}
        9    0.000    0.000    0.002    0.000 <frozen importlib._bootstrap_external>:1556(_fill_cache)
        4    0.000    0.000    0.000    0.000 gzip.py:402(__init__)
      142    0.000    0.000    0.000    0.000 <frozen importlib._bootstrap>:152(__init__)
        1    0.000    0.000    0.002    0.002 _array_like.py:1(<module>)
      313    0.000    0.000    0.000    0.000 {built-in method from_bytes}
       25    0.000    0.000    0.000    0.000 _add_newdocs_scalars.py:71(add_newdoc_for_scalar_type)
       82    0.000    0.000    0.000    0.000 {built-in method numpy.array}
      333    0.000    0.000    0.000    0.000 {method 'extend' of 'list' objects}
        8    0.000    0.000    0.000    0.000 {built-in method numpy.frombuffer}
        9    0.000    0.000    0.000    0.000 <frozen importlib._bootstrap_external>:1585(<setcomp>)
       16    0.000    0.000    0.001    0.000 sre_parse.py:937(parse)
        1    0.000    0.000    0.013    0.013 hmac.py:1(<module>)
      208    0.000    0.000    0.000    0.000 {method 'lstrip' of 'str' objects}
        1    0.000    0.000    0.000    0.000 _compat_pickle.py:9(<module>)
       25    0.000    0.000    0.000    0.000 dtypes.py:30(_add_dtype_helper)
        1    0.000    0.000    0.000    0.000 arrayprint.py:1(<module>)
       30    0.000    0.000    0.000    0.000 {method 'replace' of 'str' objects}
        1    0.000    0.000    0.000    0.000 function_base.py:25(linspace)
       42    0.000    0.000    0.000    0.000 sre_parse.py:355(_escape)
        1    0.000    0.000    0.000    0.000 umath.py:1(<module>)
        1    0.000    0.000    0.001    0.001 _dtype_like.py:1(<module>)
    29/19    0.000    0.000    0.026    0.001 <frozen importlib._bootstrap_external>:1179(exec_module)
      466    0.000    0.000    0.000    0.000 typing.py:508(<genexpr>)
        2    0.000    0.000    0.002    0.001 load_fmnist.py:23(load_labels)
      104    0.000    0.000    0.000    0.000 <frozen importlib._bootstrap_external>:1006(__init__)
      139    0.000    0.000    0.000    0.000 <frozen importlib._bootstrap>:736(find_spec)
        4    0.000    0.000    0.001    0.000 _compression.py:66(readinto)
      124    0.000    0.000    0.000    0.000 sre_parse.py:111(__init__)
        1    0.000    0.000    0.004    0.004 pickle.py:1(<module>)
      107    0.000    0.000    0.000    0.000 re.py:188(match)
       57    0.000    0.000    0.000    0.000 enum.py:44(_is_private)
      349    0.000    0.000    0.000    0.000 {built-in method posix.fspath}
      137    0.000    0.000    0.000    0.000 {built-in method _imp.is_frozen}
        1    0.000    0.000    0.000    0.000 _twodim_base_impl.py:1(<module>)
        1    0.000    0.000    0.000    0.000 _add_newdocs_scalars.py:1(<module>)
       45    0.000    0.000    0.000    0.000 {built-in method _imp.is_builtin}
       16    0.000    0.000    0.000    0.000 enum.py:977(__and__)
      164    0.000    0.000    0.000    0.000 typing.py:942(__eq__)
      137    0.000    0.000    0.000    0.000 {method 'find' of 'bytearray' objects}
        1    0.000    0.000    0.006    0.006 _methods.py:1(<module>)
        4    0.000    0.000    0.000    0.000 _compression.py:59(close)
        1    0.000    0.000    0.001    0.001 signal.py:1(<module>)
        3    0.000    0.000    0.000    0.000 enum.py:545(<listcomp>)
        1    0.000    0.000    0.013    0.013 _index_tricks_impl.py:1(<module>)
        8    0.000    0.000    0.000    0.000 typing.py:1825(__new__)
        9    0.000    0.000    0.000    0.000 <frozen importlib._bootstrap_external>:1466(__init__)
      149    0.000    0.000    0.000    0.000 {method 'pop' of 'dict' objects}
        1    0.000    0.000    0.000    0.000 threading.py:1(<module>)
       66    0.000    0.000    0.000    0.000 sre_compile.py:423(_simple)
       18    0.000    0.000    0.000    0.000 arrayprint.py:527(wrapper)
        5    0.000    0.000    0.000    0.000 {method 'reshape' of 'numpy.ndarray' objects}
    21/15    0.000    0.000    0.000    0.000 sre_compile.py:461(_get_literal_prefix)
        1    0.000    0.000    0.000    0.000 _shape_base_impl.py:1(<module>)
        1    0.000    0.000    0.000    0.000 _polynomial_impl.py:1(<module>)
        1    0.000    0.000    0.000    0.000 _nanfunctions_impl.py:1(<module>)
       70    0.000    0.000    0.000    0.000 signal.py:10(<lambda>)
        9    0.000    0.000    0.000    0.000 <frozen zipimport>:63(__init__)
      112    0.000    0.000    0.000    0.000 typing.py:918(__eq__)
       57    0.000    0.000    0.000    0.000 enum.py:22(_is_dunder)
        9    0.000    0.000    0.000    0.000 <frozen importlib._bootstrap_external>:1324(_path_hooks)
        1    0.000    0.000    0.032    0.032 _pickle.py:1(<module>)
      270    0.000    0.000    0.000    0.000 typing.py:200(<listcomp>)
        2    0.000    0.000    0.000    0.000 {built-in method _imp.create_builtin}
      107    0.000    0.000    0.000    0.000 {method 'match' of 're.Pattern' objects}
       23    0.000    0.000    0.000    0.000 overrides.py:177(decorator)
       33    0.000    0.000    0.000    0.000 typing.py:773(copy_with)
       36    0.000    0.000    0.000    0.000 sre_parse.py:432(_uniq)
       30    0.000    0.000    0.000    0.000 sre_parse.py:84(opengroup)
       45    0.000    0.000    0.000    0.000 {built-in method builtins.locals}
      382    0.000    0.000    0.000    0.000 {built-in method builtins.globals}
        3    0.000    0.000    0.000    0.000 enum.py:475(_create_)
        1    0.000    0.000    0.000    0.000 _type_check_impl.py:1(<module>)
        1    0.000    0.000    0.000    0.000 pickle.py:197(<listcomp>)
        1    0.000    0.000    0.006    0.006 subprocess.py:10(<module>)
       54    0.000    0.000    0.002    0.000 typing.py:350(__getitem__)
       35    0.000    0.000    0.000    0.000 enum.py:358(__call__)
       13    0.000    0.000    0.000    0.000 enum.py:582(_find_data_type)
       23    0.000    0.000    0.000    0.000 abc.py:105(__new__)
       16    0.000    0.000    0.000    0.000 sre_parse.py:224(__init__)
        4    0.000    0.000    0.000    0.000 gzip.py:25(open)
        4    0.000    0.000    0.000    0.000 gzip.py:517(_read_eof)
        1    0.000    0.000    0.000    0.000 _string_helpers.py:1(<module>)
       92    0.000    0.000    0.000    0.000 sre_parse.py:81(groups)
      249    0.000    0.000    0.000    0.000 {method 'lower' of 'str' objects}
       16    0.000    0.000    0.001    0.000 sre_compile.py:598(_code)
       57    0.000    0.000    0.000    0.000 enum.py:33(_is_sunder)
        1    0.000    0.000    0.008    0.008 platform.py:3(<module>)
        1    0.000    0.000    0.005    0.005 _internal.py:1(<module>)
      102    0.000    0.000    0.000    0.000 typing.py:757(<genexpr>)
        1    0.000    0.000    0.003    0.003 hashlib.py:5(<module>)
        1    0.000    0.000    0.000    0.000 _arraysetops_impl.py:1(<module>)
        1    0.000    0.000    0.000    0.000 {built-in method math.sqrt}
       38    0.000    0.000    0.000    0.000 getlimits.py:24(_fr1)
        1    0.000    0.000    0.007    0.007 shape_base.py:1(<module>)
      135    0.000    0.000    0.000    0.000 <frozen importlib._bootstrap>:406(has_location)
       83    0.000    0.000    0.000    0.000 __init__.py:27(decorator)
       37    0.000    0.000    0.000    0.000 getlimits.py:16(_fr0)
        8    0.000    0.000    0.000    0.000 typing.py:618(__init__)
       29    0.000    0.000    0.000    0.000 <frozen importlib._bootstrap_external>:1155(__init__)
       16    0.000    0.000    0.000    0.000 {built-in method _sre.compile}
       72    0.000    0.000    0.000    0.000 typing.py:204(_check_generic)
        1    0.000    0.000    0.000    0.000 selectors.py:1(<module>)
      253    0.000    0.000    0.000    0.000 {built-in method builtins.ord}
        1    0.000    0.000    0.000    0.000 datetime.py:793(date)
        4    0.000    0.000    0.000    0.000 typing.py:1157(__init_subclass__)
       14    0.000    0.000    0.000    0.000 __init__.py:134(_check_size)
        1    0.000    0.000    0.000    0.000 pickle.py:1136(_Unpickler)
        1    0.000    0.000    0.019    0.019 secrets.py:1(<module>)
        8    0.000    0.000    0.000    0.000 typing.py:1805(_make_nmtuple)
      257    0.000    0.000    0.000    0.000 hmac.py:18(<genexpr>)
       38    0.000    0.000    0.000    0.000 getlimits.py:91(_float_to_float)
        1    0.000    0.000    0.000    0.000 {built-in method builtins.dir}
        1    0.000    0.000    0.000    0.000 records.py:1(<module>)
        8    0.000    0.000    0.000    0.000 {built-in method _struct.unpack}
      212    0.000    0.000    0.000    0.000 {built-in method builtins.issubclass}
       36    0.000    0.000    0.000    0.000 {built-in method fromkeys}
        1    0.000    0.000    0.001    0.001 _ufunc_config.py:1(<module>)
        1    0.000    0.000    0.000    0.000 getlimits.py:1(<module>)
      104    0.000    0.000    0.000    0.000 <frozen importlib._bootstrap_external>:1031(get_filename)
        1    0.000    0.000    0.000    0.000 function_base.py:1(<module>)
        7    0.000    0.000    0.000    0.000 getlimits.py:688(__init__)
      257    0.000    0.000    0.000    0.000 hmac.py:19(<genexpr>)
      104    0.000    0.000    0.000    0.000 {built-in method _imp._fix_co_filename}
        8    0.000    0.000    0.000    0.000 {method 'sort' of 'list' objects}
       22    0.000    0.000    0.000    0.000 sre_parse.py:295(_class_escape)
       14    0.000    0.000    0.003    0.000 hashlib.py:126(__get_openssl_constructor)
        1    0.000    0.000    0.000    0.000 getlimits.py:543(_init)
       42    0.000    0.000    0.000    0.000 enum.py:12(_is_descriptor)
       83    0.000    0.000    0.000    0.000 __init__.py:16(set_module)
        1    0.000    0.000    0.001    0.001 _char_codes.py:1(<module>)
        5    0.000    0.000    0.000    0.000 enum.py:618(_find_new_)
        8    0.000    0.000    0.189    0.024 gzip.py:295(read)
        1    0.000    0.000    0.000    0.000 {built-in method posix.urandom}
        1    0.000    0.000    0.000    0.000 {built-in method _hashlib.openssl_sha384}
        1    0.000    0.000    0.000    0.000 _scalars.py:1(<module>)
       18    0.000    0.000    0.000    0.000 arrayprint.py:1652(_array_str_implementation)
       40    0.000    0.000    0.000    0.000 _add_newdocs_scalars.py:83(<genexpr>)
        1    0.000    0.000    0.000    0.000 _nested_sequence.py:1(<module>)
        2    0.000    0.000    0.000    0.000 typing.py:1896(__new__)
        5    0.000    0.000    0.000    0.000 sre_compile.py:413(<listcomp>)
        1    0.000    0.000    0.000    0.000 {method 'accumulate' of 'numpy.ufunc' objects}
        1    0.000    0.000    0.045    0.045 __config__.py:3(<module>)
        1    0.000    0.000    0.000    0.000 _endian.py:1(<module>)
        1    0.000    0.000    0.000    0.000 datetime.py:1245(time)
       78    0.000    0.000    0.000    0.000 {method 'remove' of 'set' objects}
        3    0.000    0.000    0.000    0.000 datetime.py:1602(__new__)
        1    0.000    0.000    0.020    0.020 overrides.py:1(<module>)
        4    0.000    0.000    0.000    0.000 _compression.py:39(__init__)
       35    0.000    0.000    0.000    0.000 datetime.py:383(_check_int_field)
        5    0.000    0.000    0.000    0.000 enum.py:164(__prepare__)
       67    0.000    0.000    0.000    0.000 sre_parse.py:168(__setitem__)
        5    0.000    0.000    0.000    0.000 datetime.py:415(_check_date_fields)
       13    0.000    0.000    0.000    0.000 sre_compile.py:492(_get_charset_prefix)
        1    0.000    0.000    0.009    0.009 _utils_impl.py:1(<module>)
        1    0.000    0.000    0.009    0.009 format.py:1(<module>)
       32    0.000    0.000    0.000    0.000 enum.py:670(__new__)
       16    0.000    0.000    0.000    0.000 sre_parse.py:921(fix_flags)
      104    0.000    0.000    0.000    0.000 <frozen importlib._bootstrap_external>:841(create_module)
        9    0.000    0.000    0.000    0.000 <frozen importlib._bootstrap_external>:1597(path_hook_for_FileFinder)
       50    0.000    0.000    0.000    0.000 _add_newdocs.py:6654(refer_to_array_attribute)
        1    0.000    0.000    0.000    0.000 _iotools.py:450(StringConverter)
       32    0.000    0.000    0.000    0.000 sre_compile.py:595(isstring)
        1    0.000    0.000    0.000    0.000 _polynomial_impl.py:694(polyval)
       13    0.000    0.000    0.000    0.000 enum.py:571(_get_mixins_)
        2    0.000    0.000    0.000    0.000 {built-in method builtins.sorted}
       39    0.000    0.000    0.001    0.000 typing.py:356(__getitem__)
       96    0.000    0.000    0.000    0.000 {built-in method builtins.abs}
        1    0.000    0.000    0.000    0.000 mixins.py:61(NDArrayOperatorsMixin)
       54    0.000    0.000    0.000    0.000 typing.py:983(<genexpr>)
        1    0.000    0.000    0.000    0.000 datetime.py:473(timedelta)
       60    0.000    0.000    0.000    0.000 {built-in method builtins.divmod}
        3    0.000    0.000    0.000    0.000 enum.py:528(_convert_)
       41    0.000    0.000    0.000    0.000 sre_compile.py:65(_combine_flags)
       44    0.000    0.000    0.000    0.000 getlimits.py:101(_float_conv)
        1    0.000    0.000    0.000    0.000 subprocess.py:700(Popen)
      141    0.000    0.000    0.000    0.000 {built-in method builtins.callable}
        1    0.000    0.000    0.010    0.010 defmatrix.py:1(<module>)
        5    0.000    0.000    0.000    0.000 sre_compile.py:411(_mk_bitmap)
       24    0.000    0.000    0.000    0.000 numerictypes.py:589(_scalar_type_key)
        1    0.000    0.000    0.001    0.001 base64.py:3(<module>)
       96    0.000    0.000    0.000    0.000 typing.py:768(<genexpr>)
        4    0.000    0.000    0.000    0.000 typing.py:997(__init_subclass__)
        5    0.000    0.000    0.000    0.000 datetime.py:428(_check_time_fields)
        2    0.000    0.000    0.000    0.000 os.py:688(__delitem__)
       30    0.000    0.000    0.000    0.000 sre_parse.py:96(closegroup)
       84    0.000    0.000    0.000    0.000 {method 'get' of 'mappingproxy' objects}
       50    0.000    0.000    0.000    0.000 __init__.py:419(<genexpr>)
        1    0.000    0.000    0.002    0.002 gzip.py:1(<module>)
        1    0.000    0.000    0.000    0.000 _histograms_impl.py:1(<module>)
        8    0.000    0.000    0.000    0.000 typing.py:1807(<dictcomp>)
       72    0.000    0.000    0.000    0.000 <frozen importlib._bootstrap_external>:1472(<genexpr>)
        1    0.000    0.000    0.000    0.000 einsumfunc.py:1(<module>)
        1    0.000    0.000    0.000    0.000 _stride_tricks_impl.py:1(<module>)
        1    0.000    0.000    0.000    0.000 {built-in method posix.uname}
        8    0.000    0.000    0.003    0.000 hashlib.py:82(__get_builtin_constructor)
       10    0.000    0.000    0.000    0.000 os.py:754(encode)
       16    0.000    0.000    0.000    0.000 sre_parse.py:76(__init__)
        1    0.000    0.000    0.001    0.001 _globals.py:1(<module>)
        2    0.000    0.000    0.000    0.000 datetime.py:1270(__new__)
       18    0.000    0.000    0.000    0.000 {built-in method _struct.calcsize}
        4    0.000    0.000    0.000    0.000 warnings.py:181(_add_filter)
        1    0.000    0.000    0.000    0.000 _twodim_base_impl.py:539(vander)
       13    0.000    0.000    0.000    0.000 mixins.py:46(_numeric_methods)
       50    0.000    0.000    0.000    0.000 {built-in method sys.intern}
        1    0.000    0.000    0.000    0.000 datetime.py:2216(timezone)
        4    0.000    0.000    0.000    0.000 posixpath.py:71(join)
        3    0.000    0.000    0.000    0.000 warnings.py:130(filterwarnings)
        1    0.000    0.000    0.000    0.000 threading.py:1294(__init__)
        1    0.000    0.000    0.000    0.000 numeric.py:143(ones)
        5    0.000    0.000    0.000    0.000 enum.py:561(_check_for_existing_members)
       15    0.000    0.000    0.002    0.000 re.py:250(compile)
        1    0.000    0.000    0.000    0.000 threading.py:795(__init__)
        4    0.000    0.000    0.000    0.000 sre_parse.py:267(getuntil)
        1    0.000    0.000    0.000    0.000 _iotools.py:1(<module>)
        1    0.000    0.000    0.000    0.000 memmap.py:1(<module>)
       12    0.000    0.000    0.000    0.000 {built-in method _abc._abc_register}
        4    0.000    0.000    0.000    0.000 _ufunc_config.py:410(__enter__)
        8    0.000    0.000    0.000    0.000 gzip.py:413(_read_exact)
        1    0.000    0.000    0.000    0.000 _polynomial_impl.py:1066(poly1d)
        1    0.000    0.000    0.000    0.000 threading.py:784(Thread)
        1    0.000    0.000    0.000    0.000 getlimits.py:487(__new__)
        5    0.000    0.000    0.000    0.000 enum.py:81(__init__)
        1    0.000    0.000    0.000    0.000 _distributor_init.py:1(<module>)
       54    0.000    0.000    0.000    0.000 {method 'isidentifier' of 'str' objects}
    31/13    0.000    0.000    0.000    0.000 abc.py:121(__subclasscheck__)
        1    0.000    0.000    0.000    0.000 numbers.py:4(<module>)
        1    0.000    0.000    0.000    0.000 _exceptions.py:1(<module>)
       12    0.000    0.000    0.000    0.000 {built-in method builtins.round}
        1    0.000    0.000    0.000    0.000 _asarray.py:1(<module>)
        1    0.000    0.000    0.000    0.000 numbers.py:32(Complex)
       70    0.000    0.000    0.000    0.000 {method 'isupper' of 'str' objects}
        1    0.000    0.000    0.000    0.000 _machar.py:1(<module>)
       50    0.000    0.000    0.000    0.000 {method '__contains__' of 'frozenset' objects}
        1    0.000    0.000    0.000    0.000 _datasource.py:1(<module>)
       23    0.000    0.000    0.000    0.000 overrides.py:173(array_function_from_dispatcher)
        1    0.000    0.000    0.000    0.000 pickle.py:407(_Pickler)
        8    0.000    0.000    0.000    0.000 __init__.py:56(__init_subclass__)
        3    0.000    0.000    0.000    0.000 typing.py:822(__getitem__)
        1    0.000    0.000    0.004    0.004 __init__.py:454(_mac_os_check)
       45    0.000    0.000    0.000    0.000 __init__.py:108(<lambda>)
        1    0.000    0.000    0.002    0.002 load_fmnist.py:1(<module>)
       48    0.000    0.000    0.000    0.000 abc.py:7(abstractmethod)
        5    0.000    0.000    0.000    0.000 {method 'astype' of 'numpy.ndarray' objects}
       34    0.000    0.000    0.000    0.000 sre_compile.py:453(_get_iscased)
       85    0.000    0.000    0.000    0.000 _compat_pickle.py:167(<genexpr>)
        1    0.000    0.000    0.001    0.001 struct.py:1(<module>)
        1    0.000    0.000    0.000    0.000 _ufunclike_impl.py:1(<module>)
        1    0.000    0.000    0.000    0.000 _arraypad_impl.py:1(<module>)
       72    0.000    0.000    0.000    0.000 signal.py:22(<lambda>)
       71    0.000    0.000    0.000    0.000 signal.py:17(<lambda>)
        4    0.000    0.000    0.000    0.000 os.py:674(__getitem__)
        1    0.000    0.000    0.000    0.000 defmatrix.py:73(matrix)
        8    0.000    0.000    0.000    0.000 gzip.py:409(_init_read)
        1    0.000    0.000    0.000    0.000 getlimits.py:309(_get_machar)
        5    0.000    0.000    0.000    0.000 enum.py:197(<dictcomp>)
        1    0.000    0.000    0.000    0.000 _shape.py:1(<module>)
       16    0.000    0.000    0.000    0.000 _add_newdocs_scalars.py:19(type_aliases_gen)
       22    0.000    0.000    0.000    0.000 _type_aliases.py:118(<lambda>)
       37    0.000    0.000    0.000    0.000 enum.py:551(<lambda>)
        1    0.000    0.000    0.000    0.000 __future__.py:1(<module>)
        2    0.000    0.000    0.000    0.000 os.py:682(__setitem__)
        5    0.000    0.000    0.000    0.000 {built-in method numpy._core._multiarray_umath._make_extobj}
        9    0.000    0.000    0.000    0.000 <frozen importlib._bootstrap_external>:159(_path_isdir)
        2    0.000    0.000    0.000    0.000 {built-in method numpy.empty}
        1    0.000    0.000    0.000    0.000 random.py:101(Random)
        2    0.000    0.000    0.000    0.000 datetime.py:823(__new__)
        1    0.000    0.000    0.000    0.000 numbers.py:294(Integral)
       20    0.000    0.000    0.000    0.000 mixins.py:18(_binary_method)
        1    0.000    0.000    0.000    0.000 _array_utils_impl.py:1(<module>)
        4    0.000    0.000    0.000    0.000 {method 'cast' of 'memoryview' objects}
        1    0.000    0.000    0.000    0.000 hmac.py:27(HMAC)
        2    0.000    0.000    0.000    0.000 _linalg.py:148(_commonType)
        5    0.000    0.000    0.000    0.000 _ufunc_config.py:400(__init__)
       77    0.000    0.000    0.000    0.000 {built-in method _sre.unicode_iscased}
        1    0.000    0.000    0.000    0.000 __init__.py:254(_reset_cache)
        7    0.000    0.000    0.000    0.000 types.py:171(__get__)
        9    0.000    0.000    0.000    0.000 overrides.py:23(set_array_function_like_doc)
        1    0.000    0.000    0.000    0.000 selectors.py:584(_can_use)
       12    0.000    0.000    0.000    0.000 typing.py:915(copy_with)
        1    0.000    0.000    0.000    0.000 threading.py:228(__init__)
        1    0.000    0.000    0.001    0.001 bisect.py:1(<module>)
        1    0.000    0.000    0.000    0.000 threading.py:943(_set_tstate_lock)
       43    0.000    0.000    0.000    0.000 _compat_pickle.py:165(<genexpr>)
        2    0.000    0.000    0.000    0.000 {built-in method posix.unsetenv}
        1    0.000    0.000    0.000    0.000 gzip.py:120(GzipFile)
        1    0.000    0.000    0.000    0.000 exceptions.py:1(<module>)
       12    0.000    0.000    0.000    0.000 abc.py:110(register)
        8    0.000    0.000    0.000    0.000 typing.py:1886(_namedtuple_mro_entries)
        1    0.000    0.000    0.000    0.000 {built-in method _hashlib.openssl_sha224}
        4    0.000    0.000    0.000    0.000 gzip.py:79(__init__)
        1    0.000    0.000    0.000    0.000 random.py:126(seed)
       16    0.000    0.000    0.000    0.000 gzip.py:322(closed)
        1    0.000    0.000    0.000    0.000 _globals.py:52(__new__)
        1    0.000    0.000    0.000    0.000 numbers.py:147(Real)
        1    0.000    0.000    0.001    0.001 scimath.py:1(<module>)
        5    0.000    0.000    0.000    0.000 enum.py:415(__getattr__)
       65    0.000    0.000    0.000    0.000 {built-in method _sre.unicode_tolower}
        2    0.000    0.000    0.000    0.000 <frozen importlib._bootstrap>:415(spec_from_loader)
        5    0.000    0.000    0.000    0.000 {method 'reset' of 'ContextVar' objects}
        2    0.000    0.000    0.000    0.000 contextlib.py:215(contextmanager)
        2    0.000    0.000    0.000    0.000 __init__.py:68(CFUNCTYPE)
        4    0.000    0.000    0.000    0.000 _ufunc_config.py:426(__exit__)
        1    0.000    0.000    0.000    0.000 _arrayterator_impl.py:1(<module>)
        5    0.000    0.000    0.000    0.000 datetime.py:50(_days_in_month)
        1    0.000    0.000    0.000    0.000 _dtype.py:1(<module>)
        2    0.000    0.000    0.000    0.000 {built-in method posix.putenv}
        2    0.000    0.000    0.000    0.000 sre_compile.py:432(_generate_overlap_table)
        1    0.000    0.000    0.000    0.000 {method 'sum' of 'numpy.ndarray' objects}
        1    0.000    0.000    0.001    0.001 contextvars.py:1(<module>)
        4    0.000    0.000    0.000    0.000 getlimits.py:712(max)
        1    0.000    0.000    0.000    0.000 _inspect.py:1(<module>)
        1    0.000    0.000    0.000    0.000 __init__.py:332(__init__)
        5    0.000    0.000    0.000    0.000 {method 'set' of 'ContextVar' objects}
        8    0.000    0.000    0.000    0.000 _compression.py:12(_check_not_closed)
        6    0.000    0.000    0.000    0.000 _exceptions.py:17(_display_as_base)
        1    0.000    0.000    0.000    0.000 array_utils.py:1(<module>)
        3    0.000    0.000    0.000    0.000 datetime.py:45(_days_before_year)
        1    0.000    0.000    0.000    0.000 warnings.py:458(__enter__)
        4    0.000    0.000    0.000    0.000 __init__.py:158(__getattr__)
       10    0.000    0.000    0.000    0.000 {method 'encode' of 'str' objects}
        1    0.000    0.000    0.000    0.000 _weakrefset.py:37(__init__)
        1    0.000    0.000    0.000    0.000 _add_newdocs_scalars.py:18(numeric_type_aliases)
        6    0.000    0.000    0.000    0.000 _pytesttester.py:75(__init__)
        3    0.000    0.000    0.000    0.000 datetime.py:2236(_create)
        1    0.000    0.000    0.000    0.000 pickle.py:200(_Framer)
        1    0.000    0.000    0.000    0.000 random.py:791(getrandbits)
        1    0.000    0.000    0.000    0.000 stride_tricks.py:1(<module>)
        1    0.000    0.000    0.011    0.011 npyio.py:1(<module>)
        1    0.000    0.000    0.000    0.000 _iotools.py:229(NameValidator)
        1    0.000    0.000    0.000    0.000 __init__.py:489(hugepage_setup)
        1    0.000    0.000    0.000    0.000 platform.py:779(uname_result)
        8    0.000    0.000    0.000    0.000 {method 'byteswap' of 'numpy.generic' objects}
        3    0.000    0.000    0.000    0.000 typing.py:831(copy_with)
        1    0.000    0.000    0.000    0.000 _linalg.py:43(EigResult)
       13    0.000    0.000    0.000    0.000 mixins.py:38(_inplace_binary_method)
        4    0.000    0.000    0.000    0.000 {method 'remove' of 'list' objects}
        1    0.000    0.000    0.000    0.000 datetime.py:1214(IsoCalendarDate)
        1    0.000    0.000    0.033    0.033 __init__.py:323(__getattr__)
       18    0.000    0.000    0.000    0.000 {method 'discard' of 'set' objects}
       38    0.000    0.000    0.000    0.000 {built-in method _ctypes.sizeof}
        1    0.000    0.000    0.000    0.000 _ufunc_config.py:429(__call__)
       14    0.000    0.000    0.000    0.000 mixins.py:28(_reflected_binary_method)
       21    0.000    0.000    0.000    0.000 {method 'items' of 'mappingproxy' objects}
        1    0.000    0.000    0.000    0.000 datetime.py:1145(tzinfo)
        1    0.000    0.000    0.000    0.000 selectors.py:507(KqueueSelector)
        1    0.000    0.000    0.000    0.000 _collections_abc.py:364(__subclasshook__)
       10    0.000    0.000    0.000    0.000 __future__.py:83(__init__)
        1    0.000    0.000    0.000    0.000 mixins.py:1(<module>)
        2    0.000    0.000    0.000    0.000 datetime.py:665(__neg__)
        2    0.000    0.000    0.000    0.000 _collections_abc.py:761(get)
        1    0.000    0.000    0.000    0.000 version.py:2(<module>)
        1    0.000    0.000    0.000    0.000 {built-in method _hashlib.openssl_md5}
        2    0.000    0.000    0.000    0.000 <frozen importlib._bootstrap>:241(_requires_builtin_wrapper)
        8    0.000    0.000    0.000    0.000 typing.py:1806(<listcomp>)
        2    0.000    0.000    0.000    0.000 copyreg.py:12(pickle)
        1    0.000    0.000    0.000    0.000 selectors.py:81(BaseSelector)
        7    0.000    0.000    0.000    0.000 {method 'setter' of 'property' objects}
        1    0.000    0.000    0.000    0.000 _dtype_like.py:67(_DTypeDictBase)
        2    0.000    0.000    0.000    0.000 {built-in method posix.register_at_fork}
        3    0.000    0.000    0.000    0.000 _linalg.py:123(_makearray)
        2    0.000    0.000    0.000    0.000 arrayprint.py:524(decorating_function)
        7    0.000    0.000    0.000    0.000 {built-in method builtins.any}
        2    0.000    0.000    0.000    0.000 <frozen importlib._bootstrap>:757(create_module)
        4    0.000    0.000    0.000    0.000 {function DecompressReader.close at 0x10558c5e0}
        1    0.000    0.000    0.000    0.000 _compression.py:1(<module>)
        1    0.000    0.000    0.000    0.000 _globals.py:65(_CopyMode)
        1    0.000    0.000    0.000    0.000 numerictypes.py:621(_register_types)
        3    0.000    0.000    0.000    0.000 {method 'split' of 'str' objects}
        1    0.000    0.000    0.000    0.000 _add_newdocs_scalars.py:54(_get_platform_and_machine)
        1    0.000    0.000    0.000    0.000 _nbit.py:1(<module>)
       18    0.000    0.000    0.000    0.000 {built-in method builtins.id}
        4    0.000    0.000    0.000    0.000 typing.py:1315(runtime_checkable)
        7    0.000    0.000    0.000    0.000 getlimits.py:157(_register_type)
        1    0.000    0.000    0.000    0.000 {method 'view' of 'numpy.generic' objects}
        2    0.000    0.000    0.000    0.000 random.py:117(__init__)
        1    0.000    0.000    0.000    0.000 _pytesttester.py:1(<module>)
        1    0.000    0.000    0.000    0.000 threading.py:589(Barrier)
        1    0.000    0.000    0.000    0.000 __future__.py:81(_Feature)
        1    0.000    0.000    0.000    0.000 _expired_attrs_2_0.py:1(<module>)
        1    0.000    0.000    0.000    0.000 _internal.py:260(_ctypes)
        2    0.000    0.000    0.000    0.000 _collections_abc.py:768(__contains__)
        1    0.000    0.000    0.000    0.000 _npyio_impl.py:105(NpzFile)
        7    0.000    0.000    0.000    0.000 enum.py:792(value)
        1    0.000    0.000    0.000    0.000 _collections_abc.py:80(_check_methods)
        1    0.000    0.000    0.000    0.000 threading.py:351(notify)
        1    0.000    0.000    0.000    0.000 {built-in method _hashlib.openssl_sha1}
        1    0.000    0.000    0.000    0.000 warnings.py:165(simplefilter)
        2    0.000    0.000    0.000    0.000 typing.py:1914(<dictcomp>)
        1    0.000    0.000    0.000    0.000 subprocess.py:108(CalledProcessError)
        8    0.000    0.000    0.000    0.000 typing.py:1162(<genexpr>)
        9    0.000    0.000    0.000    0.000 enum.py:244(<genexpr>)
        5    0.000    0.000    0.000    0.000 {method 'translate' of 'bytearray' objects}
        4    0.000    0.000    0.000    0.000 _linalg.py:142(_realType)
        1    0.000    0.000    0.000    0.000 __init__.py:279(<dictcomp>)
        3    0.000    0.000    0.000    0.000 {built-in method builtins.all}
        1    0.000    0.000    0.000    0.000 threading.py:768(_maintain_shutdown_locks)
       10    0.000    0.000    0.000    0.000 _collections_abc.py:317(__subclasshook__)
        1    0.000    0.000    0.000    0.000 functools.py:934(__init__)
        1    0.000    0.000    0.000    0.000 arrayprint.py:1319(_TimelikeFormat)
        1    0.000    0.000    0.000    0.000 _arrayterator_impl.py:16(Arrayterator)
        1    0.000    0.000    0.000    0.000 {built-in method _abc._abc_instancecheck}
       12    0.000    0.000    0.000    0.000 {built-in method sys._getframe}
        1    0.000    0.000    0.000    0.000 getlimits.py:32(MachArLike)
        1    0.000    0.000    0.000    0.000 _datasource.py:195(DataSource)
        1    0.000    0.000    0.000    0.000 random.py:217(__init_subclass__)
        1    0.000    0.000    0.000    0.000 abc.py:117(__instancecheck__)
        1    0.000    0.000    0.000    0.000 warnings.py:477(__exit__)
       12    0.000    0.000    0.000    0.000 {method 'islower' of 'str' objects}
        1    0.000    0.000    0.000    0.000 _dtype_like.py:73(_DTypeDict)
        2    0.000    0.000    0.000    0.000 <frozen importlib._bootstrap>:765(exec_module)
        2    0.000    0.000    0.000    0.000 _index_tricks_impl.py:333(__init__)
        1    0.000    0.000    0.000    0.000 _nested_sequence.py:18(_NestedSequence)
        1    0.000    0.000    0.000    0.000 _compression.py:33(DecompressReader)
        5    0.000    0.000    0.000    0.000 datetime.py:445(_check_tzinfo_arg)
        2    0.000    0.000    0.000    0.000 getlimits.py:62(smallest_subnormal)
        1    0.000    0.000    0.000    0.000 threading.py:535(set)
        1    0.000    0.000    0.000    0.000 _index_tricks_impl.py:323(AxisConcatenator)
        1    0.000    0.000    0.000    0.000 _ufunc_config.py:334(errstate)
        3    0.000    0.000    0.000    0.000 __init__.py:494(CFunctionType)
        1    0.000    0.000    0.000    0.000 _linalg.py:59(SVDResult)
        1    0.000    0.000    0.000    0.000 {method 'squeeze' of 'numpy.ndarray' objects}
        5    0.000    0.000    0.000    0.000 _linalg.py:128(isComplexType)
        1    0.000    0.000    0.000    0.000 __config__.py:14(DisplayModes)
        1    0.000    0.000    0.000    0.000 _dtype_ctypes.py:1(<module>)
        1    0.000    0.000    0.000    0.000 threading.py:95(_RLock)
        1    0.000    0.000    0.000    0.000 _linalg.py:47(EighResult)
        1    0.000    0.000    0.000    0.000 _version.py:14(NumpyVersion)
        1    0.000    0.000    0.000    0.000 gzip.py:401(_GzipReader)
        6    0.000    0.000    0.000    0.000 typing.py:986(<genexpr>)
        8    0.000    0.000    0.000    0.000 {method 'removeprefix' of 'str' objects}
        1    0.000    0.000    0.000    0.000 __init__.py:311(CDLL)
        3    0.000    0.000    0.000    0.000 enum.py:443(__members__)
        1    0.000    0.000    0.000    0.000 _exceptions.py:116(_ArrayMemoryError)
        1    0.000    0.000    0.000    0.000 getlimits.py:381(finfo)
        1    0.000    0.000    0.000    0.000 _index_tricks_impl.py:265(__init__)
        1    0.000    0.000    0.000    0.000 _function_base_impl.py:2141(vectorize)
        1    0.000    0.000    0.000    0.000 _version.py:1(<module>)
        1    0.000    0.000    0.000    0.000 warnings.py:437(__init__)
        2    0.000    0.000    0.000    0.000 {built-in method math.log}
        1    0.000    0.000    0.000    0.000 numbers.py:267(Rational)
        1    0.000    0.000    0.000    0.000 {method 'union' of 'set' objects}
        1    0.000    0.000    0.000    0.000 selectors.py:207(_BaseSelectorImpl)
        1    0.000    0.000    0.000    0.000 threading.py:521(__init__)
        6    0.000    0.000    0.000    0.000 typing.py:827(<genexpr>)
        8    0.000    0.000    0.000    0.000 {method '__exit__' of 'memoryview' objects}
        1    0.000    0.000    0.000    0.000 __init__.py:429(LibraryLoader)
        3    0.000    0.000    0.000    0.000 __init__.py:493(PYFUNCTYPE)
        1    0.000    0.000    0.000    0.000 {method 'tobytes' of 'numpy.generic' objects}
        1    0.000    0.000    0.000    0.000 _linalg.py:51(QRResult)
        1    0.000    0.000    0.000    0.000 _linalg.py:55(SlogdetResult)
        1    0.000    0.000    0.000    0.000 numerictypes.py:233(obj2sctype)
        1    0.000    0.000    0.000    0.000 records.py:281(recarray)
        1    0.000    0.000    0.000    0.000 getlimits.py:633(iinfo)
        1    0.000    0.000    0.000    0.000 selectors.py:291(SelectSelector)
        1    0.000    0.000    0.000    0.000 _datasource.py:535(Repository)
        1    0.000    0.000    0.000    0.000 {method 'close' of 'select.kqueue' objects}
        4    0.000    0.000    0.000    0.000 posixpath.py:41(_get_sep)
        6    0.000    0.000    0.000    0.000 {method 'update' of 'set' objects}
        3    0.000    0.000    0.000    0.000 typing.py:794(__mro_entries__)
        1    0.000    0.000    0.000    0.000 memmap.py:21(memmap)
        1    0.000    0.000    0.000    0.000 selectors.py:342(_PollLikeSelector)
        1    0.000    0.000    0.000    0.000 {method 'result_type' of 'numpy._core._multiarray_umath._array_converter' objects}
        1    0.000    0.000    0.000    0.000 subprocess.py:145(TimeoutExpired)
        8    0.000    0.000    0.000    0.000 typing.py:630(<genexpr>)
        1    0.000    0.000    0.000    0.000 records.py:56(format_parser)
        1    0.000    0.000    0.000    0.000 _machar.py:17(MachAr)
        1    0.000    0.000    0.000    0.000 subprocess.py:428(CompletedProcess)
        8    0.000    0.000    0.000    0.000 typing.py:1838(<listcomp>)
        5    0.000    0.000    0.000    0.000 {method 'setdefault' of 'dict' objects}
        1    0.000    0.000    0.000    0.000 introspect.py:1(<module>)
        1    0.000    0.000    0.000    0.000 platform.py:741(_Processor)
        1    0.000    0.000    0.000    0.000 {built-in method _hashlib.openssl_sha256}
        1    0.000    0.000    0.000    0.000 random.py:778(SystemRandom)
        1    0.000    0.000    0.000    0.000 threading.py:374(notify_all)
        4    0.000    0.000    0.000    0.000 {method 'insert' of 'list' objects}
        1    0.000    0.000    0.000    0.000 _convertions.py:1(<module>)
        1    0.000    0.000    0.000    0.000 __config__.py:101(<listcomp>)
        1    0.000    0.000    0.000    0.000 {built-in method math.exp}
        6    0.000    0.000    0.000    0.000 {built-in method _warnings._filters_mutated}
        3    0.000    0.000    0.000    0.000 {built-in method builtins.vars}
        1    0.000    0.000    0.000    0.000 threading.py:940(_set_native_id)
        1    0.000    0.000    0.000    0.000 _dtype_like.py:83(_SupportsDType)
        1    0.000    0.000    0.000    0.000 _methods.py:50(_sum)
        9    0.000    0.000    0.000    0.000 {method 'pop' of 'set' objects}
       12    0.000    0.000    0.000    0.000 {method '__init_subclass__' of 'object' objects}
        1    0.000    0.000    0.000    0.000 _arraysetops_impl.py:390(UniqueAllResult)
        1    0.000    0.000    0.000    0.000 _weakrefset.py:82(add)
        1    0.000    0.000    0.000    0.000 _globals.py:32(_NoValueType)
        1    0.000    0.000    0.000    0.000 arrayprint.py:1408(StructuredVoidFormat)
        1    0.000    0.000    0.000    0.000 _internal.py:629(_Stream)
        1    0.000    0.000    0.000    0.000 selectors.py:61(_SelectorMapping)
        1    0.000    0.000    0.000    0.000 selectors.py:434(PollSelector)
        1    0.000    0.000    0.000    0.000 _iotools.py:133(LineSplitter)
        1    0.000    0.000    0.000    0.000 {method 'as_arrays' of 'numpy._core._multiarray_umath._array_converter' objects}
        1    0.000    0.000    0.000    0.000 {method 'newbyteorder' of 'numpy.dtype' objects}
        1    0.000    0.000    0.000    0.000 _compression.py:9(BaseStream)
        4    0.000    0.000    0.000    0.000 _compression.py:150(tell)
        4    0.000    0.000    0.000    0.000 mixins.py:53(_unary_method)
        1    0.000    0.000    0.000    0.000 arrayprint.py:937(FloatingFormat)
        1    0.000    0.000    0.000    0.000 _internal.py:209(dummy_ctype)
        1    0.000    0.000    0.000    0.000 threading.py:510(Event)
        1    0.000    0.000    0.000    0.000 threading.py:1209(_make_invoke_excepthook)
        1    0.000    0.000    0.000    0.000 pickle.py:263(_Unframer)
        5    0.000    0.000    0.000    0.000 {method 'keys' of 'dict' objects}
        5    0.000    0.000    0.000    0.000 {method 'mro' of 'type' objects}
        1    0.000    0.000    0.000    0.000 {built-in method _ctypes.dlopen}
        1    0.000    0.000    0.000    0.000 threading.py:82(RLock)
        1    0.000    0.000    0.000    0.000 threading.py:256(__enter__)
        2    0.000    0.000    0.000    0.000 _index_tricks_impl.py:144(__init__)
        1    0.000    0.000    0.000    0.000 _linalg.py:198(_assert_stacked_square)
        2    0.000    0.000    0.000    0.000 __init__.py:94(CFunctionType)
        1    0.000    0.000    0.000    0.000 __init__.py:360(_FuncPtr)
        1    0.000    0.000    0.000    0.000 _index_tricks_impl.py:575(__init__)
        1    0.000    0.000    0.000    0.000 __init__.py:10(NBitBase)
        1    0.000    0.000    0.000    0.000 gzip.py:74(_PaddedFile)
        1    0.000    0.000    0.000    0.000 exceptions.py:109(AxisError)
        2    0.000    0.000    0.000    0.000 {built-in method maketrans}
        2    0.000    0.000    0.000    0.000 {method 'acquire' of '_thread.lock' objects}
        1    0.000    0.000    0.000    0.000 arrayprint.py:1345(DatetimeFormat)
        1    0.000    0.000    0.000    0.000 __init__.py:146(py_object)
        1    0.000    0.000    0.000    0.000 _datasource.py:98(__init__)
        1    0.000    0.000    0.000    0.000 _datasource.py:73(_FileOpeners)
        1    0.000    0.000    0.000    0.000 _index_tricks_impl.py:543(__init__)
        1    0.000    0.000    0.000    0.000 _array_like.py:44(_SupportsArrayFunc)
        1    0.000    0.000    0.000    0.000 _npyio_impl.py:41(BagObj)
        1    0.000    0.000    0.000    0.000 threading.py:386(Semaphore)
        3    0.000    0.000    0.000    0.000 {method '__array_wrap__' of 'numpy.ndarray' objects}
        1    0.000    0.000    0.000    0.000 _exceptions.py:38(_UFuncNoLoopError)
        1    0.000    0.000    0.000    0.000 fromnumeric.py:3267(ndim)
        1    0.000    0.000    0.000    0.000 getlimits.py:86(_str_smallest_subnormal)
        4    0.000    0.000    0.000    0.000 _compression.py:36(readable)
        2    0.000    0.000    0.000    0.000 __init__.py:430(__init__)
        1    0.000    0.000    0.000    0.000 {method 'difference_update' of 'set' objects}
        1    0.000    0.000    0.000    0.000 _utils_impl.py:114(_Deprecate)
        1    0.000    0.000    0.000    0.000 subprocess.py:650(_use_posix_spawn)
        1    0.000    0.000    0.000    0.000 _index_tricks_impl.py:109(nd_grid)
        1    0.000    0.000    0.000    0.000 {method 'wrap' of 'numpy._core._multiarray_umath._array_converter' objects}
        1    0.000    0.000    0.000    0.000 __init__.py:389(PyDLL)
        1    0.000    0.000    0.000    0.000 _index_tricks_impl.py:316(__init__)
        1    0.000    0.000    0.000    0.000 _exceptions.py:56(_UFuncBinaryResolutionError)
        1    0.000    0.000    0.000    0.000 arrayprint.py:1257(IntegerFormat)
        1    0.000    0.000    0.000    0.000 _pytesttester.py:45(PytestTester)
        1    0.000    0.000    0.000    0.000 threading.py:1262(Timer)
        1    0.000    0.000    0.000    0.000 threading.py:1313(_DummyThread)
        1    0.000    0.000    0.000    0.000 _index_tricks_impl.py:631(ndindex)
        2    0.000    0.000    0.000    0.000 _index_tricks_impl.py:775(__init__)
        1    0.000    0.000    0.000    0.000 _linalg.py:192(_assert_stacked_2d)
        1    0.000    0.000    0.000    0.000 {built-in method numpy.promote_types}
        1    0.000    0.000    0.000    0.000 _arraysetops_impl.py:397(UniqueCountsResult)
        1    0.000    0.000    0.000    0.000 _arraysetops_impl.py:402(UniqueInverseResult)
        1    0.000    0.000    0.000    0.000 _internal.py:251(_missing_ctypes)
        1    0.000    0.000    0.000    0.000 numeric.py:1918(isscalar)
        2    0.000    0.000    0.000    0.000 {method 'clear' of 'dict' objects}
        1    0.000    0.000    0.000    0.000 _index_tricks_impl.py:582(ndenumerate)
        1    0.000    0.000    0.000    0.000 _array_like.py:39(_SupportsArray)
        1    0.000    0.000    0.000    0.000 numbers.py:12(Number)
        1    0.000    0.000    0.000    0.000 _index_tricks_impl.py:212(MGridClass)
        1    0.000    0.000    0.000    0.000 _index_tricks_impl.py:448(RClass)
        1    0.000    0.000    0.000    0.000 _linalg.py:186(_assert_2d)
        2    0.000    0.000    0.000    0.000 <frozen importlib._bootstrap>:782(is_package)
        1    0.000    0.000    0.000    0.000 {method 'disable' of '_lsprof.Profiler' objects}
        1    0.000    0.000    0.000    0.000 arrayprint.py:1286(ComplexFloatingFormat)
        1    0.000    0.000    0.000    0.000 arrayprint.py:1382(SubArrayFormat)
        1    0.000    0.000    0.000    0.000 _endian.py:23(_swapped_meta)
        1    0.000    0.000    0.000    0.000 threading.py:271(_is_owned)
        1    0.000    0.000    0.000    0.000 {built-in method numpy._core._multiarray_umath.set_typeDict}
        1    0.000    0.000    0.000    0.000 {built-in method _hashlib.openssl_sha512}
        1    0.000    0.000    0.000    0.000 __config__.py:104(<listcomp>)
        1    0.000    0.000    0.000    0.000 _exceptions.py:80(_UFuncInputCastingError)
        1    0.000    0.000    0.000    0.000 _stride_tricks_impl.py:20(DummyArray)
        1    0.000    0.000    0.000    0.000 functools.py:940(__set_name__)
        1    0.000    0.000    0.000    0.000 exceptions.py:48(ComplexWarning)
        1    0.000    0.000    0.000    0.000 _exceptions.py:98(_UFuncOutputCastingError)
        1    0.000    0.000    0.000    0.000 dtypes.py:1(<module>)
        1    0.000    0.000    0.000    0.000 pickle.py:97(_Stop)
        2    0.000    0.000    0.000    0.000 arrayprint.py:514(_recursive_guard)
        1    0.000    0.000    0.000    0.000 arrayprint.py:1276(BoolFormat)
        1    0.000    0.000    0.000    0.000 threading.py:259(__exit__)
        1    0.000    0.000    0.000    0.000 threading.py:936(_set_ident)
        1    0.000    0.000    0.000    0.000 threading.py:1292(_MainThread)
        1    0.000    0.000    0.000    0.000 _index_tricks_impl.py:272(OGridClass)
        1    0.000    0.000    0.000    0.000 _index_tricks_impl.py:730(IndexExpression)
        1    0.000    0.000    0.000    0.000 {built-in method numpy._set_promotion_state}
        1    0.000    0.000    0.000    0.000 multiarray.py:161(concatenate)
        1    0.000    0.000    0.000    0.000 fromnumeric.py:3263(_ndim_dispatcher)
        2    0.000    0.000    0.000    0.000 {method 'values' of 'dict' objects}
        1    0.000    0.000    0.000    0.000 __init__.py:230(c_char_p)
        1    0.000    0.000    0.000    0.000 _endian.py:46(BigEndianStructure)
        1    0.000    0.000    0.000    0.000 _exceptions.py:32(UFuncTypeError)
        1    0.000    0.000    0.000    0.000 _exceptions.py:71(_UFuncCastingError)
        1    0.000    0.000    0.000    0.000 numerictypes.py:363(_PreprocessDTypeError)
        2    0.000    0.000    0.000    0.000 {built-in method _imp.exec_builtin}
        1    0.000    0.000    0.000    0.000 {built-in method _thread.get_native_id}
        1    0.000    0.000    0.000    0.000 _ufunc_config.py:327(_unspecified)
        1    0.000    0.000    0.000    0.000 __init__.py:246(c_wchar_p)
        1    0.000    0.000    0.000    0.000 threading.py:469(BoundedSemaphore)
        1    0.000    0.000    0.000    0.000 _index_tricks_impl.py:550(CClass)
        1    0.000    0.000    0.000    0.000 _linalg.py:73(LinAlgError)
        1    0.000    0.000    0.000    0.000 exceptions.py:201(DTypePromotionError)
        1    0.000    0.000    0.000    0.000 pickle.py:73(PickleError)
        1    0.000    0.000    0.000    0.000 {built-in method _thread._set_sentinel}
        1    0.000    0.000    0.000    0.000 function_base.py:20(_linspace_dispatcher)
        1    0.000    0.000    0.000    0.000 _internal.py:255(c_void_p)
        1    0.000    0.000    0.000    0.000 __init__.py:159(c_ushort)
        1    0.000    0.000    0.000    0.000 __init__.py:251(c_wchar)
        1    0.000    0.000    0.000    0.000 threading.py:778(<listcomp>)
        1    0.000    0.000    0.000    0.000 threading.py:1127(daemon)
        1    0.000    0.000    0.000    0.000 _linalg.py:2378(_lstsq_dispatcher)
        1    0.000    0.000    0.000    0.000 __init__.py:73(_96Bit)
        1    0.000    0.000    0.000    0.000 _array_like.py:160(_UnknownType)
        1    0.000    0.000    0.000    0.000 gzip.py:116(BadGzipFile)
        1    0.000    0.000    0.000    0.000 typing.py:2005(<lambda>)
        1    0.000    0.000    0.000    0.000 exceptions.py:59(ModuleDeprecationWarning)
        1    0.000    0.000    0.000    0.000 pickle.py:77(PicklingError)
        1    0.000    0.000    0.000    0.000 arrayprint.py:1377(TimedeltaFormat)
        1    0.000    0.000    0.000    0.000 subprocess.py:105(SubprocessError)
        1    0.000    0.000    0.000    0.000 _iotools.py:421(ConverterError)
        1    0.000    0.000    0.000    0.000 _linalg.py:489(_unary_dispatcher)
        1    0.000    0.000    0.000    0.000 multiarray.py:750(dot)
        1    0.000    0.000    0.000    0.000 exceptions.py:76(VisibleDeprecationWarning)
        1    0.000    0.000    0.000    0.000 exceptions.py:87(RankWarning)
        1    0.000    0.000    0.000    0.000 exceptions.py:97(TooHardError)
        1    0.000    0.000    0.000    0.000 <string>:1(<module>)
        1    0.000    0.000    0.000    0.000 pickle.py:84(UnpicklingError)
        1    0.000    0.000    0.000    0.000 {method 'copy' of 'list' objects}
        1    0.000    0.000    0.000    0.000 {built-in method _operator.index}
        1    0.000    0.000    0.000    0.000 {method '__enter__' of '_thread.lock' objects}
        1    0.000    0.000    0.000    0.000 {method '__exit__' of '_thread.RLock' objects}
        1    0.000    0.000    0.000    0.000 __init__.py:155(c_short)
        1    0.000    0.000    0.000    0.000 __init__.py:163(c_long)
        1    0.000    0.000    0.000    0.000 __init__.py:167(c_ulong)
        1    0.000    0.000    0.000    0.000 __init__.py:176(c_int)
        1    0.000    0.000    0.000    0.000 __init__.py:180(c_uint)
        1    0.000    0.000    0.000    0.000 __init__.py:184(c_float)
        1    0.000    0.000    0.000    0.000 __init__.py:188(c_double)
        1    0.000    0.000    0.000    0.000 __init__.py:192(c_longdouble)
        1    0.000    0.000    0.000    0.000 __init__.py:213(c_ubyte)
        1    0.000    0.000    0.000    0.000 __init__.py:220(c_byte)
        1    0.000    0.000    0.000    0.000 __init__.py:225(c_char)
        1    0.000    0.000    0.000    0.000 __init__.py:236(c_void_p)
        1    0.000    0.000    0.000    0.000 __init__.py:241(c_bool)
        1    0.000    0.000    0.000    0.000 threading.py:743(BrokenBarrierError)
        1    0.000    0.000    0.000    0.000 _iotools.py:429(ConverterLockError)
        1    0.000    0.000    0.000    0.000 _iotools.py:437(ConversionWarning)
        1    0.000    0.000    0.000    0.000 linalg.py:1(<module>)
        1    0.000    0.000    0.000    0.000 _twodim_base_impl.py:534(_vander_dispatcher)
        1    0.000    0.000    0.000    0.000 __init__.py:70(_128Bit)
        1    0.000    0.000    0.000    0.000 __init__.py:88(_8Bit)
        1    0.000    0.000    0.000    0.000 {built-in method numpy._core._multiarray_umath._reload_guard}
        1    0.000    0.000    0.000    0.000 _polynomial_impl.py:438(_polyfit_dispatcher)
        1    0.000    0.000    0.000    0.000 copyreg.py:22(constructor)
        1    0.000    0.000    0.000    0.000 __init__.py:85(_16Bit)
        1    0.000    0.000    0.000    0.000 {built-in method numpy.asanyarray}
        1    0.000    0.000    0.000    0.000 random.py:805(seed)
        1    0.000    0.000    0.000    0.000 typing.py:1605(final)
        1    0.000    0.000    0.000    0.000 __init__.py:67(_256Bit)
        1    0.000    0.000    0.000    0.000 __init__.py:76(_80Bit)
        1    0.000    0.000    0.000    0.000 __init__.py:79(_64Bit)
        1    0.000    0.000    0.000    0.000 __init__.py:82(_32Bit)
        1    0.000    0.000    0.000    0.000 {built-in method numpy._core._multiarray_umath._set_madvise_hugepage}
        1    0.000    0.000    0.000    0.000 _polynomial_impl.py:690(_polyval_dispatcher)


